<?xml version="1.0" encoding="UTF-8"?>
<beans xmlns="http://www.springframework.org/schema/beans"
	xmlns:xsi="http://www.w3.org/2001/XMLSchema-instance"
	xmlns:int="http://www.springframework.org/schema/integration"
	xsi:schemaLocation="http://www.springframework.org/schema/integration
		http://www.springframework.org/schema/integration/spring-integration.xsd
		http://www.springframework.org/schema/beans
		http://www.springframework.org/schema/beans/spring-beans.xsd">

	<import	resource="spring-integration-infrastructure-config.xml" />
	<import resource="spring-integration-idempotent-receiver-config.xml" />

	<!-- mock the rewardNetwork and rewardRepository: -->
	<bean id="rewardNetwork" factory-method="mock" class="org.mockito.Mockito">
		<constructor-arg value="rewards.RewardNetwork" />
	</bean>

	<bean id="rewardRepository" factory-method="mock" class="org.mockito.Mockito">
		<constructor-arg value="rewards.internal.reward.RewardRepository" />
	</bean>

	<!-- we add a bridge to the errorChannel to check for messages in the test code
	     without having to (re)define the errorChannel as a PollableChannel -->
	<int:bridge input-channel="errorChannel" output-channel="errorTestChannel"/>
	
	<int:channel id="errorTestChannel">
		<int:queue/>
	</int:channel>

</beans>
